<?xml version="1.0" encoding="UTF-8"?>
<testng-results skipped="1" failed="0" ignored="0" total="1" passed="0">
  <reporter-output>
  </reporter-output>
  <suite name="Default suite" duration-ms="1223" started-at="2018-09-11T13:18:01Z" finished-at="2018-09-11T13:18:03Z">
    <groups>
    </groups>
    <test name="Default test" duration-ms="1223" started-at="2018-09-11T13:18:01Z" finished-at="2018-09-11T13:18:03Z">
      <class name="com.practise.googleSheetRead.action.tests.TestGoogleSheet">
        <test-method status="SKIP" signature="gettingGoogleSheetData(java.lang.String)[pri:0, instance:com.practise.googleSheetRead.action.tests.TestGoogleSheet@cb5822]" name="gettingGoogleSheetData" duration-ms="0" started-at="2018-09-11T13:18:03Z" data-provider="GoogleSheetData" finished-at="2018-09-11T13:18:03Z">
          <exception class="java.lang.RuntimeException">
            <message>
              <![CDATA[com.google.api.client.auth.oauth2.TokenResponseException: 401 Unauthorized]]>
            </message>
            <full-stacktrace>
              <![CDATA[java.lang.RuntimeException: com.google.api.client.auth.oauth2.TokenResponseException: 401 Unauthorized
at org.testng.internal.MethodInvocationHelper.invokeMethodNoCheckedException(MethodInvocationHelper.java:49)
at org.testng.internal.MethodInvocationHelper.invokeDataProvider(MethodInvocationHelper.java:131)
at org.testng.internal.Parameters.handleParameters(Parameters.java:706)
at org.testng.internal.ParameterHandler.handleParameters(ParameterHandler.java:49)
at org.testng.internal.ParameterHandler.createParameters(ParameterHandler.java:37)
at org.testng.internal.Invoker.invokeTestMethods(Invoker.java:924)
at org.testng.internal.TestMethodWorker.invokeTestMethods(TestMethodWorker.java:125)
at org.testng.internal.TestMethodWorker.run(TestMethodWorker.java:109)
at org.testng.TestRunner.privateRun(TestRunner.java:648)
at org.testng.TestRunner.run(TestRunner.java:505)
at org.testng.SuiteRunner.runTest(SuiteRunner.java:455)
at org.testng.SuiteRunner.runSequentially(SuiteRunner.java:450)
at org.testng.SuiteRunner.privateRun(SuiteRunner.java:415)
at org.testng.SuiteRunner.run(SuiteRunner.java:364)
at org.testng.SuiteRunnerWorker.runSuite(SuiteRunnerWorker.java:52)
at org.testng.SuiteRunnerWorker.run(SuiteRunnerWorker.java:84)
at org.testng.TestNG.runSuitesSequentially(TestNG.java:1208)
at org.testng.TestNG.runSuitesLocally(TestNG.java:1137)
at org.testng.TestNG.runSuites(TestNG.java:1049)
at org.testng.TestNG.run(TestNG.java:1017)
at org.testng.remote.AbstractRemoteTestNG.run(AbstractRemoteTestNG.java:114)
at org.testng.remote.RemoteTestNG.initAndRun(RemoteTestNG.java:251)
at org.testng.remote.RemoteTestNG.main(RemoteTestNG.java:77)
Caused by: com.google.api.client.auth.oauth2.TokenResponseException: 401 Unauthorized
at com.google.api.client.auth.oauth2.TokenResponseException.from(TokenResponseException.java:105)
at com.google.api.client.auth.oauth2.TokenRequest.executeUnparsed(TokenRequest.java:287)
at com.google.api.client.auth.oauth2.TokenRequest.execute(TokenRequest.java:307)
at com.google.api.client.auth.oauth2.Credential.executeRefreshToken(Credential.java:570)
at com.google.api.client.auth.oauth2.Credential.refreshToken(Credential.java:489)
at com.google.api.client.auth.oauth2.Credential.intercept(Credential.java:217)
at com.google.api.client.http.HttpRequest.execute(HttpRequest.java:868)
at com.google.api.client.googleapis.services.AbstractGoogleClientRequest.executeUnparsed(AbstractGoogleClientRequest.java:419)
at com.google.api.client.googleapis.services.AbstractGoogleClientRequest.executeUnparsed(AbstractGoogleClientRequest.java:352)
at com.google.api.client.googleapis.services.AbstractGoogleClientRequest.execute(AbstractGoogleClientRequest.java:469)
at com.practise.googleSheetRead.utils.GoogleSheetsUtil.gettingSpreadsheetResponse(GoogleSheetsUtil.java:35)
at com.practise.googleSheetRead.action.tests.TestGoogleSheet.GoogleSheetData(TestGoogleSheet.java:15)
at sun.reflect.NativeMethodAccessorImpl.invoke0(Native Method)
at sun.reflect.NativeMethodAccessorImpl.invoke(NativeMethodAccessorImpl.java:62)
at sun.reflect.DelegatingMethodAccessorImpl.invoke(DelegatingMethodAccessorImpl.java:43)
at java.lang.reflect.Method.invoke(Method.java:498)
at org.testng.internal.MethodInvocationHelper.invokeMethod(MethodInvocationHelper.java:124)
at org.testng.internal.MethodInvocationHelper.invokeMethod(MethodInvocationHelper.java:74)
at org.testng.internal.MethodInvocationHelper.invokeMethodNoCheckedException(MethodInvocationHelper.java:45)
... 22 more
]]>
            </full-stacktrace>
          </exception> <!-- java.lang.RuntimeException -->
          <reporter-output>
          </reporter-output>
        </test-method> <!-- gettingGoogleSheetData -->
      </class> <!-- com.practise.googleSheetRead.action.tests.TestGoogleSheet -->
    </test> <!-- Default test -->
  </suite> <!-- Default suite -->
</testng-results>
